Using pre-set license
Built from '2020.3/staging' branch; Version is '2020.3.20f1 (41c4e627c95f) revision 4310246'; Using compiler version '192528614'; Build Type 'Release'
OS: 'Windows 10 Home; OS build 19043.1348; Version 2009; 64bit' Language: 'en' Physical Memory: 16268 MB
BatchMode: 1, IsHumanControllingUs: 0, StartBugReporterOnCrash: 0, Is64bit: 1, IsPro: 0

COMMAND LINE ARGUMENTS:
C:\Program Files\Unity\Hub\Editor\2020.3.20f1\Editor\Unity.exe
-adb2
-batchMode
-noUpm
-name
AssetImportWorker1
-projectPath
E:/games project test/fruitytest/DIGM6390-FruitNinja
-logFile
Logs/AssetImportWorker1.log
-srvPort
65277
Successfully changed project path to: E:/games project test/fruitytest/DIGM6390-FruitNinja
E:/games project test/fruitytest/DIGM6390-FruitNinja
Using Asset Import Pipeline V2.
Refreshing native plugins compatible for Editor in 35.82 ms, found 2 plugins.
Preloading 0 native plugins for Editor in 0.00 ms.
Initialize engine version: 2020.3.20f1 (41c4e627c95f)
[Subsystems] Discovering subsystems at path C:/Program Files/Unity/Hub/Editor/2020.3.20f1/Editor/Data/Resources/UnitySubsystems
[Subsystems] Discovering subsystems at path E:/games project test/fruitytest/DIGM6390-FruitNinja/Assets
GfxDevice: creating device client; threaded=0
Direct3D:
    Version:  Direct3D 11.0 [level 11.1]
    Renderer: NVIDIA GeForce GTX 1050 Ti (ID=0x1c8c)
    Vendor:   
    VRAM:     4021 MB
    Driver:   30.0.14.9613
Initialize mono
Mono path[0] = 'C:/Program Files/Unity/Hub/Editor/2020.3.20f1/Editor/Data/Managed'
Mono path[1] = 'C:/Program Files/Unity/Hub/Editor/2020.3.20f1/Editor/Data/MonoBleedingEdge/lib/mono/unityjit'
Mono config path = 'C:/Program Files/Unity/Hub/Editor/2020.3.20f1/Editor/Data/MonoBleedingEdge/etc'
Using monoOptions --debugger-agent=transport=dt_socket,embedding=1,server=y,suspend=n,address=127.0.0.1:56568
Begin MonoManager ReloadAssembly
Registering precompiled unity dll's ...
Register platform support module: C:/Program Files/Unity/Hub/Editor/2020.3.20f1/Editor/Data/PlaybackEngines/WindowsStandaloneSupport/UnityEditor.WindowsStandalone.Extensions.dll
Registered in 0.002403 seconds.
Native extension for WindowsStandalone target not found
Refreshing native plugins compatible for Editor in 36.35 ms, found 2 plugins.
Preloading 0 native plugins for Editor in 0.00 ms.
Mono: successfully reloaded assembly
- Completed reload, in  1.238 seconds
Domain Reload Profiling:
	ReloadAssembly (1238ms)
		BeginReloadAssembly (61ms)
			ExecutionOrderSort (0ms)
			DisableScriptedObjects (0ms)
			BackupInstance (0ms)
			ReleaseScriptingObjects (0ms)
			CreateAndSetChildDomain (1ms)
		EndReloadAssembly (483ms)
			LoadAssemblies (58ms)
			RebuildTransferFunctionScriptingTraits (0ms)
			SetupTypeCache (189ms)
			ReleaseScriptCaches (0ms)
			RebuildScriptCaches (39ms)
			SetupLoadedEditorAssemblies (180ms)
				LogAssemblyErrors (0ms)
				InitializePlatformSupportModulesInManaged (4ms)
				SetLoadedEditorAssemblies (0ms)
				RefreshPlugins (36ms)
				BeforeProcessingInitializeOnLoad (10ms)
				ProcessInitializeOnLoadAttributes (93ms)
				ProcessInitializeOnLoadMethodAttributes (36ms)
				AfterProcessingInitializeOnLoad (0ms)
				EditorAssembliesLoaded (0ms)
			ExecutionOrderSort2 (0ms)
			AwakeInstancesAfterBackupRestoration (0ms)
Platform modules already initialized, skipping
Registering precompiled user dll's ...
Registered in 0.003046 seconds.
Begin MonoManager ReloadAssembly
Native extension for WindowsStandalone target not found
Refreshing native plugins compatible for Editor in 0.33 ms, found 2 plugins.
Preloading 0 native plugins for Editor in 0.00 ms.
Mono: successfully reloaded assembly
- Completed reload, in  2.175 seconds
Domain Reload Profiling:
	ReloadAssembly (2176ms)
		BeginReloadAssembly (170ms)
			ExecutionOrderSort (0ms)
			DisableScriptedObjects (5ms)
			BackupInstance (0ms)
			ReleaseScriptingObjects (0ms)
			CreateAndSetChildDomain (26ms)
		EndReloadAssembly (1912ms)
			LoadAssemblies (1039ms)
			RebuildTransferFunctionScriptingTraits (0ms)
			SetupTypeCache (351ms)
			ReleaseScriptCaches (0ms)
			RebuildScriptCaches (54ms)
			SetupLoadedEditorAssemblies (355ms)
				LogAssemblyErrors (0ms)
				InitializePlatformSupportModulesInManaged (5ms)
				SetLoadedEditorAssemblies (0ms)
				RefreshPlugins (0ms)
				BeforeProcessingInitializeOnLoad (59ms)
				ProcessInitializeOnLoadAttributes (277ms)
				ProcessInitializeOnLoadMethodAttributes (5ms)
				AfterProcessingInitializeOnLoad (8ms)
				EditorAssembliesLoaded (0ms)
			ExecutionOrderSort2 (0ms)
			AwakeInstancesAfterBackupRestoration (7ms)
Platform modules already initialized, skipping
========================================================================
Worker process is ready to serve import requests
Launched and connected shader compiler UnityShaderCompiler.exe after 0.10 seconds
Refreshing native plugins compatible for Editor in 0.39 ms, found 2 plugins.
Preloading 0 native plugins for Editor in 0.00 ms.
Unloading 1416 Unused Serialized files (Serialized files now loaded: 0)
System memory in use before: 67.4 MB.
System memory in use after: 67.5 MB.

Unloading 16 unused Assets to reduce memory usage. Loaded Objects now: 1853.
Total: 3.615200 ms (FindLiveObjects: 0.139900 ms CreateObjectMapping: 0.043400 ms MarkObjects: 3.262700 ms  DeleteObjects: 0.168000 ms)

AssetImportParameters requested are different than current active one (requested -> active):
  custom:framework-win-MediaFoundation: 216162199b28c13a410421893ffa2e32 -> 
  custom:video-decoder-ogg-theora: a1e56fd34408186e4bbccfd4996cb3dc -> 
  custom:container-muxer-webm: aa71ff27fc2769a1b78a27578f13a17b -> 
  custom:container-demuxer-webm: 4f35f7cbe854078d1ac9338744f61a02 -> 
  custom:container-demuxer-ogg: 62fdf1f143b41e24485cea50d1cbac27 -> 
  custom:video-encoder-webm-vp8: eb34c28f22e8b96e1ab97ce403110664 -> 
  custom:video-codec-MediaFoundation-h265: 746d11721c4dcdbdad8f713fa42b33f4 -> 
  custom:video-decoder-webm-vp8: 9c59270c3fd7afecdb556c50c9e8de78 -> 
  custom:audio-decoder-ogg-vorbis: bf7c407c2cedff20999df2af8eb42d56 -> 
  custom:audio-encoder-webm-vorbis: bf7c407c2cedff20999df2af8eb42d56 -> 
========================================================================
Received Import Request.
  path: Assets/Sprites/EDITED SPRITES/lemon whole.png
  artifactKey: Guid(1426e324d24f80c4d93871e281fb7a70) Importer(815301076,1909f56bfc062723c751e8b465ee728b)
Start importing Assets/Sprites/EDITED SPRITES/lemon whole.png using Guid(1426e324d24f80c4d93871e281fb7a70) Importer(815301076,1909f56bfc062723c751e8b465ee728b)  -> (artifact id: 'fe59d38c8e4a229fe2ab75d2f6e6d1ab') in 0.154109 seconds 
  Import took 0.156797 seconds .

========================================================================
Received Import Request.
  Time since last request: 0.000361 seconds.
  path: Assets/Sprites/EDITED SPRITES/bananas single.png
  artifactKey: Guid(f15044e8b32f9f4479d3c9e1e4ac8512) Importer(815301076,1909f56bfc062723c751e8b465ee728b)
Start importing Assets/Sprites/EDITED SPRITES/bananas single.png using Guid(f15044e8b32f9f4479d3c9e1e4ac8512) Importer(815301076,1909f56bfc062723c751e8b465ee728b)  -> (artifact id: '41619274755bae12e8f5eb27fd1840ee') in 0.019382 seconds 
  Import took 0.021762 seconds .

========================================================================
Received Import Request.
  Time since last request: 0.000337 seconds.
  path: Assets/Sprites/EDITED SPRITES/peach slice left.png
  artifactKey: Guid(04abb28c6ce8d0749bebadb033e1daf8) Importer(815301076,1909f56bfc062723c751e8b465ee728b)
Start importing Assets/Sprites/EDITED SPRITES/peach slice left.png using Guid(04abb28c6ce8d0749bebadb033e1daf8) Importer(815301076,1909f56bfc062723c751e8b465ee728b)  -> (artifact id: '34a33e0b13015f191dff60257826b328') in 0.016988 seconds 
  Import took 0.019343 seconds .

========================================================================
Received Import Request.
  Time since last request: 0.000331 seconds.
  path: Assets/Sprites/EDITED SPRITES/blue apple slice left.png
  artifactKey: Guid(590622ca680f64e4bb35db95eea075dc) Importer(815301076,1909f56bfc062723c751e8b465ee728b)
Start importing Assets/Sprites/EDITED SPRITES/blue apple slice left.png using Guid(590622ca680f64e4bb35db95eea075dc) Importer(815301076,1909f56bfc062723c751e8b465ee728b)  -> (artifact id: '415ff7f56c9d53dc2c5b2b6ccb5b5430') in 0.018110 seconds 
  Import took 0.021916 seconds .

========================================================================
Received Import Request.
  Time since last request: 0.000461 seconds.
  path: Assets/Sprites/EDITED SPRITES/lemon slice right.png
  artifactKey: Guid(24f5abd1b9d4d784d8c9d7de3968f63b) Importer(815301076,1909f56bfc062723c751e8b465ee728b)
Start importing Assets/Sprites/EDITED SPRITES/lemon slice right.png using Guid(24f5abd1b9d4d784d8c9d7de3968f63b) Importer(815301076,1909f56bfc062723c751e8b465ee728b)  -> (artifact id: 'bfbf2125d9036d9fd6b1a2e1258d536f') in 0.018687 seconds 
  Import took 0.021103 seconds .

========================================================================
Received Import Request.
  Time since last request: 0.000341 seconds.
  path: Assets/Sprites/EDITED SPRITES/bananas single slice right.png
  artifactKey: Guid(c884720ffc51218428ed7390736e99a9) Importer(815301076,1909f56bfc062723c751e8b465ee728b)
Start importing Assets/Sprites/EDITED SPRITES/bananas single slice right.png using Guid(c884720ffc51218428ed7390736e99a9) Importer(815301076,1909f56bfc062723c751e8b465ee728b)  -> (artifact id: '9d3c8b7572a2963ac5b3d54e65e67f19') in 0.017940 seconds 
  Import took 0.020477 seconds .

========================================================================
Received Import Request.
  Time since last request: 0.000304 seconds.
  path: Assets/Sprites/EDITED SPRITES/bananas single slice left.png
  artifactKey: Guid(0c70f65e07b360a4fb7885d3d2966e7e) Importer(815301076,1909f56bfc062723c751e8b465ee728b)
Start importing Assets/Sprites/EDITED SPRITES/bananas single slice left.png using Guid(0c70f65e07b360a4fb7885d3d2966e7e) Importer(815301076,1909f56bfc062723c751e8b465ee728b)  -> (artifact id: 'f1bc6bbb91ecc1dd4df73a0c4aef7668') in 0.015003 seconds 
  Import took 0.017375 seconds .

========================================================================
Received Import Request.
  Time since last request: 0.000333 seconds.
  path: Assets/Sprites/EDITED SPRITES/grapes whole.png
  artifactKey: Guid(e9dc31123c684a34abb577c15671c419) Importer(815301076,1909f56bfc062723c751e8b465ee728b)
Start importing Assets/Sprites/EDITED SPRITES/grapes whole.png using Guid(e9dc31123c684a34abb577c15671c419) Importer(815301076,1909f56bfc062723c751e8b465ee728b)  -> (artifact id: 'cb1fd7fef9b621067427492c1bb0168e') in 0.018326 seconds 
  Import took 0.020542 seconds .

========================================================================
Received Import Request.
  Time since last request: 0.000335 seconds.
  path: Assets/Sprites/EDITED SPRITES/orange slice left.png
  artifactKey: Guid(e1c6bbcb19069f1429deade187cca6d8) Importer(815301076,1909f56bfc062723c751e8b465ee728b)
Start importing Assets/Sprites/EDITED SPRITES/orange slice left.png using Guid(e1c6bbcb19069f1429deade187cca6d8) Importer(815301076,1909f56bfc062723c751e8b465ee728b)  -> (artifact id: '148f60a70a476142078faaa5a3175de4') in 0.016068 seconds 
  Import took 0.018621 seconds .

========================================================================
Received Import Request.
  Time since last request: 0.000401 seconds.
  path: Assets/Sprites/EDITED SPRITES/pear slice left.png
  artifactKey: Guid(d1421dcfc5f12e34b8cbbeeb4bef6bf3) Importer(815301076,1909f56bfc062723c751e8b465ee728b)
Start importing Assets/Sprites/EDITED SPRITES/pear slice left.png using Guid(d1421dcfc5f12e34b8cbbeeb4bef6bf3) Importer(815301076,1909f56bfc062723c751e8b465ee728b)  -> (artifact id: 'c520b93ae73cb8576d3cf6b817de3fcd') in 0.018718 seconds 
  Import took 0.021491 seconds .

========================================================================
Received Import Request.
  Time since last request: 0.000461 seconds.
  path: Assets/Sprites/EDITED SPRITES/grapes slice right.png
  artifactKey: Guid(f2f147171cb0e3b4c8e083f118985296) Importer(815301076,1909f56bfc062723c751e8b465ee728b)
Start importing Assets/Sprites/EDITED SPRITES/grapes slice right.png using Guid(f2f147171cb0e3b4c8e083f118985296) Importer(815301076,1909f56bfc062723c751e8b465ee728b)  -> (artifact id: '3252ef2fdccad7d349e7c239ccc263fa') in 0.018721 seconds 
  Import took 0.022272 seconds .

========================================================================
Received Import Request.
  Time since last request: 0.000284 seconds.
  path: Assets/Sprites/EDITED SPRITES/apple slice right.png
  artifactKey: Guid(f241e4df21d5c9746b32b5f36e51f4c4) Importer(815301076,1909f56bfc062723c751e8b465ee728b)
Start importing Assets/Sprites/EDITED SPRITES/apple slice right.png using Guid(f241e4df21d5c9746b32b5f36e51f4c4) Importer(815301076,1909f56bfc062723c751e8b465ee728b)  -> (artifact id: '9cbdfaa16790788a7e40bda35d4c8539') in 0.020941 seconds 
  Import took 0.027495 seconds .

========================================================================
Received Import Request.
  Time since last request: 0.000577 seconds.
  path: Assets/Sprites/EDITED SPRITES/pear slice right.png
  artifactKey: Guid(7ab40aac227c11f48b26a13939e98da2) Importer(815301076,1909f56bfc062723c751e8b465ee728b)
Start importing Assets/Sprites/EDITED SPRITES/pear slice right.png using Guid(7ab40aac227c11f48b26a13939e98da2) Importer(815301076,1909f56bfc062723c751e8b465ee728b)  -> (artifact id: '6147a240c09314ce0f0223c76157506e') in 0.021897 seconds 
  Import took 0.027679 seconds .

========================================================================
Received Import Request.
  Time since last request: 0.000481 seconds.
  path: Assets/Sprites/EDITED SPRITES/watermelon slice left.png
  artifactKey: Guid(8f8771082008c824aaa0fb8072ba1fc0) Importer(815301076,1909f56bfc062723c751e8b465ee728b)
Start importing Assets/Sprites/EDITED SPRITES/watermelon slice left.png using Guid(8f8771082008c824aaa0fb8072ba1fc0) Importer(815301076,1909f56bfc062723c751e8b465ee728b)  -> (artifact id: 'd8195e1a7627def8c14361901c4318ad') in 0.022097 seconds 
  Import took 0.025343 seconds .

========================================================================
Received Import Request.
  Time since last request: 0.000487 seconds.
  path: Assets/Sprites/EDITED SPRITES/bananas whole.png
  artifactKey: Guid(542367978d6f7934ba5cef9d3645eb93) Importer(815301076,1909f56bfc062723c751e8b465ee728b)
Start importing Assets/Sprites/EDITED SPRITES/bananas whole.png using Guid(542367978d6f7934ba5cef9d3645eb93) Importer(815301076,1909f56bfc062723c751e8b465ee728b)  -> (artifact id: 'ad9a83a4e98f2ff2e2c4efb3b4a1640d') in 0.027961 seconds 
  Import took 0.055527 seconds .

========================================================================
Received Import Request.
  Time since last request: 0.000806 seconds.
  path: Assets/Sprites/EDITED SPRITES/orange slice right.png
  artifactKey: Guid(8ca72f8baf11ace4a83306f61a821ee3) Importer(815301076,1909f56bfc062723c751e8b465ee728b)
Start importing Assets/Sprites/EDITED SPRITES/orange slice right.png using Guid(8ca72f8baf11ace4a83306f61a821ee3) Importer(815301076,1909f56bfc062723c751e8b465ee728b)  -> (artifact id: '33f6ac8ad594454872dd85a567ac103a') in 0.019453 seconds 
  Import took 0.023401 seconds .

========================================================================
Received Import Request.
  Time since last request: 0.000324 seconds.
  path: Assets/Sprites
  artifactKey: Guid(765bd674d0b41374a8d7ab4bfc06df40) Importer(815301076,1909f56bfc062723c751e8b465ee728b)
Start importing Assets/Sprites using Guid(765bd674d0b41374a8d7ab4bfc06df40) Importer(815301076,1909f56bfc062723c751e8b465ee728b)  -> (artifact id: '3d098ff8bb5edcb23340aa1e1e87ecd7') in 0.010332 seconds 
  Import took 0.012703 seconds .

========================================================================
Received Import Request.
  Time since last request: 0.000308 seconds.
  path: Assets/Sprites/EDITED SPRITES/bananas slice left.png
  artifactKey: Guid(9d0e849cfc4439e4d9c73837d57bee94) Importer(815301076,1909f56bfc062723c751e8b465ee728b)
Start importing Assets/Sprites/EDITED SPRITES/bananas slice left.png using Guid(9d0e849cfc4439e4d9c73837d57bee94) Importer(815301076,1909f56bfc062723c751e8b465ee728b)  -> (artifact id: '5836f11d2f9793fb2e18ef506b20af95') in 0.027854 seconds 
  Import took 0.032009 seconds .

========================================================================
Received Import Request.
  Time since last request: 0.000347 seconds.
  path: Assets/Sprites/Bomb.png
  artifactKey: Guid(5439bdf7e933bf947a97d9f73a777129) Importer(815301076,1909f56bfc062723c751e8b465ee728b)
Start importing Assets/Sprites/Bomb.png using Guid(5439bdf7e933bf947a97d9f73a777129) Importer(815301076,1909f56bfc062723c751e8b465ee728b)  -> (artifact id: 'f7accb8232bc64d82c753a9f497711e1') in 0.085478 seconds 
  Import took 0.103789 seconds .

========================================================================
Received Import Request.
  Time since last request: 0.000331 seconds.
  path: Assets/Sprites/EDITED SPRITES
  artifactKey: Guid(9171c336dba3edd4b998bf9da3b08d26) Importer(815301076,1909f56bfc062723c751e8b465ee728b)
Start importing Assets/Sprites/EDITED SPRITES using Guid(9171c336dba3edd4b998bf9da3b08d26) Importer(815301076,1909f56bfc062723c751e8b465ee728b)  -> (artifact id: '32acbc6f160fe813fbb4cb417db6d013') in 0.006365 seconds 
  Import took 0.008578 seconds .

========================================================================
Received Import Request.
  Time since last request: 0.000485 seconds.
  path: Assets/Sprites/EDITED SPRITES/pear whole.png
  artifactKey: Guid(ba422bf820fa84b48b00036842254f3d) Importer(815301076,1909f56bfc062723c751e8b465ee728b)
Start importing Assets/Sprites/EDITED SPRITES/pear whole.png using Guid(ba422bf820fa84b48b00036842254f3d) Importer(815301076,1909f56bfc062723c751e8b465ee728b)  -> (artifact id: '113730d39c5a5c5a6994c904aaebfb6e') in 0.017335 seconds 
  Import took 0.020420 seconds .

========================================================================
Received Import Request.
  Time since last request: 0.000385 seconds.
  path: Assets/Sprites/EDITED SPRITES/grapes slice left.png
  artifactKey: Guid(3c4990ccc014f554db05d1fe0fd6fe80) Importer(815301076,1909f56bfc062723c751e8b465ee728b)
Start importing Assets/Sprites/EDITED SPRITES/grapes slice left.png using Guid(3c4990ccc014f554db05d1fe0fd6fe80) Importer(815301076,1909f56bfc062723c751e8b465ee728b)  -> (artifact id: 'bf82238cbc8459550d48f3abe96758ae') in 0.017469 seconds 
  Import took 0.020141 seconds .

========================================================================
Received Import Request.
  Time since last request: 0.000424 seconds.
  path: Assets/Sprites/EDITED SPRITES/peach slice right.png
  artifactKey: Guid(168d66865a205ba45b9bb7e71be4f4d2) Importer(815301076,1909f56bfc062723c751e8b465ee728b)
Start importing Assets/Sprites/EDITED SPRITES/peach slice right.png using Guid(168d66865a205ba45b9bb7e71be4f4d2) Importer(815301076,1909f56bfc062723c751e8b465ee728b)  -> (artifact id: '502a665f9473f2b483b445aed2875ffc') in 0.020190 seconds 
  Import took 0.023625 seconds .

========================================================================
Received Import Request.
  Time since last request: 0.000355 seconds.
  path: Assets/Sprites/EDITED SPRITES/pineapple whole.png
  artifactKey: Guid(f21da082e6fe8da4dbf257018abc3928) Importer(815301076,1909f56bfc062723c751e8b465ee728b)
Start importing Assets/Sprites/EDITED SPRITES/pineapple whole.png using Guid(f21da082e6fe8da4dbf257018abc3928) Importer(815301076,1909f56bfc062723c751e8b465ee728b)  -> (artifact id: '94f38f929791f004126ebe547e2a3c08') in 0.022303 seconds 
  Import took 0.025640 seconds .

========================================================================
Received Import Request.
  Time since last request: 0.000506 seconds.
  path: Assets/Sprites/EDITED SPRITES/blue apple whole.png
  artifactKey: Guid(8cc9312e47641264ea5c2b756d418d79) Importer(815301076,1909f56bfc062723c751e8b465ee728b)
Start importing Assets/Sprites/EDITED SPRITES/blue apple whole.png using Guid(8cc9312e47641264ea5c2b756d418d79) Importer(815301076,1909f56bfc062723c751e8b465ee728b)  -> (artifact id: '266bab216e026964e082c6396dc0a834') in 0.022439 seconds 
  Import took 0.024883 seconds .

========================================================================
Received Import Request.
  Time since last request: 0.000303 seconds.
  path: Assets/Sprites/EDITED SPRITES/peach whole.png
  artifactKey: Guid(f80712dfa7536b1468df496de616ed24) Importer(815301076,1909f56bfc062723c751e8b465ee728b)
Start importing Assets/Sprites/EDITED SPRITES/peach whole.png using Guid(f80712dfa7536b1468df496de616ed24) Importer(815301076,1909f56bfc062723c751e8b465ee728b)  -> (artifact id: 'c4adc1892e6b401a8c78ce15950729cd') in 0.015870 seconds 
  Import took 0.018120 seconds .

========================================================================
Received Import Request.
  Time since last request: 0.000335 seconds.
  path: Assets/Sprites/EDITED SPRITES/orange whole.png
  artifactKey: Guid(11bbc614e85f31440b3f033c0e649d9b) Importer(815301076,1909f56bfc062723c751e8b465ee728b)
Start importing Assets/Sprites/EDITED SPRITES/orange whole.png using Guid(11bbc614e85f31440b3f033c0e649d9b) Importer(815301076,1909f56bfc062723c751e8b465ee728b)  -> (artifact id: 'a9db5d6580c9cf051633fbbff428fe5f') in 0.045448 seconds 
  Import took 0.062979 seconds .

========================================================================
Received Import Request.
  Time since last request: 0.000358 seconds.
  path: Assets/Sprites/EDITED SPRITES/pineapple slice right.png
  artifactKey: Guid(1ac5d3b1be832e94a96e8e9be3fdc849) Importer(815301076,1909f56bfc062723c751e8b465ee728b)
Start importing Assets/Sprites/EDITED SPRITES/pineapple slice right.png using Guid(1ac5d3b1be832e94a96e8e9be3fdc849) Importer(815301076,1909f56bfc062723c751e8b465ee728b)  -> (artifact id: '7052cbd82a2b8cd73cf01c3adeec5c5b') in 0.029729 seconds 
  Import took 0.032263 seconds .

========================================================================
Received Import Request.
  Time since last request: 0.000372 seconds.
  path: Assets/Sprites/EDITED SPRITES/apple slice left.png
  artifactKey: Guid(138d0afd7970b4f4c9787330180e9260) Importer(815301076,1909f56bfc062723c751e8b465ee728b)
Start importing Assets/Sprites/EDITED SPRITES/apple slice left.png using Guid(138d0afd7970b4f4c9787330180e9260) Importer(815301076,1909f56bfc062723c751e8b465ee728b)  -> (artifact id: 'af9e62dec7b01293d11c9614023bc78b') in 0.017428 seconds 
  Import took 0.020348 seconds .

========================================================================
Received Import Request.
  Time since last request: 0.000340 seconds.
  path: Assets/Sprites/EDITED SPRITES/lemon slice left.png
  artifactKey: Guid(9489284b956949b4db9b69967730a873) Importer(815301076,1909f56bfc062723c751e8b465ee728b)
Start importing Assets/Sprites/EDITED SPRITES/lemon slice left.png using Guid(9489284b956949b4db9b69967730a873) Importer(815301076,1909f56bfc062723c751e8b465ee728b)  -> (artifact id: '5530b60cf11198cc3c3200d5d87a76d0') in 0.016535 seconds 
  Import took 0.019190 seconds .

========================================================================
Received Import Request.
  Time since last request: 0.000332 seconds.
  path: Assets/Sprites/Splat.png
  artifactKey: Guid(3f3bd5d8219f85e4e9103f36dabb8187) Importer(815301076,1909f56bfc062723c751e8b465ee728b)
Start importing Assets/Sprites/Splat.png using Guid(3f3bd5d8219f85e4e9103f36dabb8187) Importer(815301076,1909f56bfc062723c751e8b465ee728b)  -> (artifact id: '1beafcd8f2f68aa17334d6637c16b696') in 0.048490 seconds 
  Import took 0.050981 seconds .

========================================================================
Received Import Request.
  Time since last request: 0.000411 seconds.
  path: Assets/Sprites/EDITED SPRITES/apple whole.png
  artifactKey: Guid(2bf08b21556eb70428e8b2e8e9e92faa) Importer(815301076,1909f56bfc062723c751e8b465ee728b)
Start importing Assets/Sprites/EDITED SPRITES/apple whole.png using Guid(2bf08b21556eb70428e8b2e8e9e92faa) Importer(815301076,1909f56bfc062723c751e8b465ee728b)  -> (artifact id: '43df76b26faff599e94d9b15b9e2e8b2') in 0.017412 seconds 
  Import took 0.020040 seconds .

========================================================================
Received Import Request.
  Time since last request: 0.000312 seconds.
  path: Assets/Sprites/EDITED SPRITES/grape single slice left .png
  artifactKey: Guid(3a469b7db6e83be47a338f8cf57b3c1f) Importer(815301076,1909f56bfc062723c751e8b465ee728b)
Start importing Assets/Sprites/EDITED SPRITES/grape single slice left .png using Guid(3a469b7db6e83be47a338f8cf57b3c1f) Importer(815301076,1909f56bfc062723c751e8b465ee728b)  -> (artifact id: '1abe5bdd26a6c814ad2733f2650baa44') in 0.018866 seconds 
  Import took 0.021621 seconds .

========================================================================
Received Import Request.
  Time since last request: 0.000370 seconds.
  path: Assets/Sprites/EDITED SPRITES/blue apple slice right.png
  artifactKey: Guid(d27cefbdc9261bc4db50437767916fa6) Importer(815301076,1909f56bfc062723c751e8b465ee728b)
Start importing Assets/Sprites/EDITED SPRITES/blue apple slice right.png using Guid(d27cefbdc9261bc4db50437767916fa6) Importer(815301076,1909f56bfc062723c751e8b465ee728b)  -> (artifact id: '1a5504128c6c1cf26ad40a27f891b600') in 0.017920 seconds 
  Import took 0.021143 seconds .

========================================================================
Received Import Request.
  Time since last request: 0.000313 seconds.
  path: Assets/Sprites/EDITED SPRITES/grape single slice right.png
  artifactKey: Guid(7ebc561430eca6c48a727eb5811b5240) Importer(815301076,1909f56bfc062723c751e8b465ee728b)
Start importing Assets/Sprites/EDITED SPRITES/grape single slice right.png using Guid(7ebc561430eca6c48a727eb5811b5240) Importer(815301076,1909f56bfc062723c751e8b465ee728b)  -> (artifact id: '48db82ff2728424010cc7da7b2391aed') in 0.013840 seconds 
  Import took 0.016438 seconds .

========================================================================
Received Import Request.
  Time since last request: 0.000309 seconds.
  path: Assets/Sprites/EDITED SPRITES/watermelon slice right.png
  artifactKey: Guid(ca781101aa3c5c746867927a828410ed) Importer(815301076,1909f56bfc062723c751e8b465ee728b)
Start importing Assets/Sprites/EDITED SPRITES/watermelon slice right.png using Guid(ca781101aa3c5c746867927a828410ed) Importer(815301076,1909f56bfc062723c751e8b465ee728b)  -> (artifact id: '568d5aeb1334a1798c764d0646aa6bc1') in 0.033189 seconds 
  Import took 0.047413 seconds .

========================================================================
Received Import Request.
  Time since last request: 0.000344 seconds.
  path: Assets/Sprites/EDITED SPRITES/watermelon whole.png
  artifactKey: Guid(5531901f6ee181e4bbfd3e00c2075ed5) Importer(815301076,1909f56bfc062723c751e8b465ee728b)
Start importing Assets/Sprites/EDITED SPRITES/watermelon whole.png using Guid(5531901f6ee181e4bbfd3e00c2075ed5) Importer(815301076,1909f56bfc062723c751e8b465ee728b)  -> (artifact id: '9779abd747ee3a1a72db68baa6699fa0') in 0.031894 seconds 
  Import took 0.034179 seconds .

========================================================================
Received Import Request.
  Time since last request: 0.000392 seconds.
  path: Assets/Sprites/EDITED SPRITES/bananas slice right.png
  artifactKey: Guid(f5a897c5fc192444b8b5e14a3141998f) Importer(815301076,1909f56bfc062723c751e8b465ee728b)
Start importing Assets/Sprites/EDITED SPRITES/bananas slice right.png using Guid(f5a897c5fc192444b8b5e14a3141998f) Importer(815301076,1909f56bfc062723c751e8b465ee728b)  -> (artifact id: 'b49cd88e1318f9953d59d5416a5a8c8e') in 0.021522 seconds 
  Import took 0.024950 seconds .

========================================================================
Received Import Request.
  Time since last request: 0.000625 seconds.
  path: Assets/Sprites/EDITED SPRITES/pineapple slice left.png
  artifactKey: Guid(0eb4dce40fa54e44c847ed6f454fd4e2) Importer(815301076,1909f56bfc062723c751e8b465ee728b)
Start importing Assets/Sprites/EDITED SPRITES/pineapple slice left.png using Guid(0eb4dce40fa54e44c847ed6f454fd4e2) Importer(815301076,1909f56bfc062723c751e8b465ee728b)  -> (artifact id: '9427c8336534618197c4e0f908814190') in 0.018481 seconds 
  Import took 0.021603 seconds .

========================================================================
Received Import Request.
  Time since last request: 0.000407 seconds.
  path: Assets/Sprites/EDITED SPRITES/grape single .png
  artifactKey: Guid(2d42e89095fbd834eb6839bb48b67095) Importer(815301076,1909f56bfc062723c751e8b465ee728b)
Start importing Assets/Sprites/EDITED SPRITES/grape single .png using Guid(2d42e89095fbd834eb6839bb48b67095) Importer(815301076,1909f56bfc062723c751e8b465ee728b)  -> (artifact id: 'bc0b11f317c559b0526efb39f3d83853') in 0.016499 seconds 
  Import took 0.019448 seconds .

========================================================================
Received Import Request.
  Time since last request: 0.000361 seconds.
  path: Assets/Sprites/Wall.png
  artifactKey: Guid(5956b34a3ca705b4ebdb3791c15ee379) Importer(815301076,1909f56bfc062723c751e8b465ee728b)
Start importing Assets/Sprites/Wall.png using Guid(5956b34a3ca705b4ebdb3791c15ee379) Importer(815301076,1909f56bfc062723c751e8b465ee728b)  -> (artifact id: '302311f1cbb64e9acb4528f54efdbe6d') in 0.103990 seconds 
  Import took 0.106851 seconds .

